
*** Running vivado
    with args -log red_pitaya_top.vdi -applog -m64 -messageDb vivado.pb -mode batch -source red_pitaya_top.tcl -notrace


****** Vivado v2016.2 (64-bit)
  **** SW Build 1577090 on Thu Jun  2 16:32:40 MDT 2016
  **** IP Build 1577682 on Fri Jun  3 12:00:54 MDT 2016
    ** Copyright 1986-2016 Xilinx, Inc. All Rights Reserved.

source red_pitaya_top.tcl -notrace
Design is defaulting to srcset: sources_1
Design is defaulting to constrset: constrs_1
INFO: [Netlist 29-17] Analyzing 424 Unisim elements for replacement
INFO: [Netlist 29-28] Unisim Transformation completed in 0 CPU seconds
INFO: [Project 1-479] Netlist was created with Vivado 2016.2
INFO: [Device 21-403] Loading part xc7z010clg400-1
INFO: [Project 1-570] Preparing netlist for logic optimization
Parsing XDC File [d:/Users/MicroSnail/Documents/Cornell/Vengalattore/FPGA_PID/rp_memory_test/rp_memory_test.srcs/sources_1/bd/system/ip/system_proc_sys_reset_0/system_proc_sys_reset_0_board.xdc] for cell 'ps/system_i/system_i/proc_sys_reset/U0'
Finished Parsing XDC File [d:/Users/MicroSnail/Documents/Cornell/Vengalattore/FPGA_PID/rp_memory_test/rp_memory_test.srcs/sources_1/bd/system/ip/system_proc_sys_reset_0/system_proc_sys_reset_0_board.xdc] for cell 'ps/system_i/system_i/proc_sys_reset/U0'
Parsing XDC File [d:/Users/MicroSnail/Documents/Cornell/Vengalattore/FPGA_PID/rp_memory_test/rp_memory_test.srcs/sources_1/bd/system/ip/system_proc_sys_reset_0/system_proc_sys_reset_0.xdc] for cell 'ps/system_i/system_i/proc_sys_reset/U0'
Finished Parsing XDC File [d:/Users/MicroSnail/Documents/Cornell/Vengalattore/FPGA_PID/rp_memory_test/rp_memory_test.srcs/sources_1/bd/system/ip/system_proc_sys_reset_0/system_proc_sys_reset_0.xdc] for cell 'ps/system_i/system_i/proc_sys_reset/U0'
Parsing XDC File [d:/Users/MicroSnail/Documents/Cornell/Vengalattore/FPGA_PID/rp_memory_test/rp_memory_test.srcs/sources_1/bd/system/ip/system_processing_system7_0/system_processing_system7_0.xdc] for cell 'ps/system_i/system_i/processing_system7/inst'
Finished Parsing XDC File [d:/Users/MicroSnail/Documents/Cornell/Vengalattore/FPGA_PID/rp_memory_test/rp_memory_test.srcs/sources_1/bd/system/ip/system_processing_system7_0/system_processing_system7_0.xdc] for cell 'ps/system_i/system_i/processing_system7/inst'
Parsing XDC File [d:/Users/MicroSnail/Documents/Cornell/Vengalattore/FPGA_PID/rp_memory_test/rp_memory_test.srcs/sources_1/bd/system/ip/system_xadc_0/system_xadc_0.xdc] for cell 'ps/system_i/system_i/xadc/inst'
Finished Parsing XDC File [d:/Users/MicroSnail/Documents/Cornell/Vengalattore/FPGA_PID/rp_memory_test/rp_memory_test.srcs/sources_1/bd/system/ip/system_xadc_0/system_xadc_0.xdc] for cell 'ps/system_i/system_i/xadc/inst'
Parsing XDC File [D:/Users/MicroSnail/Documents/Cornell/Vengalattore/FPGA_PID/rp_memory_test/rp_memory_test.srcs/constrs_1/imports/sdc/red_pitaya.xdc]
INFO: [Timing 38-35] Done setting XDC timing constraints. [D:/Users/MicroSnail/Documents/Cornell/Vengalattore/FPGA_PID/rp_memory_test/rp_memory_test.srcs/constrs_1/imports/sdc/red_pitaya.xdc:212]
INFO: [Timing 38-2] Deriving generated clocks [D:/Users/MicroSnail/Documents/Cornell/Vengalattore/FPGA_PID/rp_memory_test/rp_memory_test.srcs/constrs_1/imports/sdc/red_pitaya.xdc:212]
WARNING: [Vivado 12-627] No clocks matched 'dac_clk_o'. [D:/Users/MicroSnail/Documents/Cornell/Vengalattore/FPGA_PID/rp_memory_test/rp_memory_test.srcs/constrs_1/imports/sdc/red_pitaya.xdc:212]
INFO: [Vivado 12-626] No clocks found. Please use 'create_clock' or 'create_generated_clock' command to create clocks. [D:/Users/MicroSnail/Documents/Cornell/Vengalattore/FPGA_PID/rp_memory_test/rp_memory_test.srcs/constrs_1/imports/sdc/red_pitaya.xdc:212]
get_clocks: Time (s): cpu = 00:00:11 ; elapsed = 00:00:11 . Memory (MB): peak = 937.676 ; gain = 461.063
CRITICAL WARNING: [Vivado 12-4739] set_false_path:No valid object(s) found for '-to [get_clocks dac_clk_o]'. [D:/Users/MicroSnail/Documents/Cornell/Vengalattore/FPGA_PID/rp_memory_test/rp_memory_test.srcs/constrs_1/imports/sdc/red_pitaya.xdc:212]
Resolution: Check if the specified object(s) exists in the current design. If it does, ensure that the correct design hierarchy was specified for the object. If you are working with clocks, make sure create_clock was used to create the clock object before it is referenced.
WARNING: [Vivado 12-627] No clocks matched 'dac_clk_2x'. [D:/Users/MicroSnail/Documents/Cornell/Vengalattore/FPGA_PID/rp_memory_test/rp_memory_test.srcs/constrs_1/imports/sdc/red_pitaya.xdc:213]
INFO: [Vivado 12-626] No clocks found. Please use 'create_clock' or 'create_generated_clock' command to create clocks. [D:/Users/MicroSnail/Documents/Cornell/Vengalattore/FPGA_PID/rp_memory_test/rp_memory_test.srcs/constrs_1/imports/sdc/red_pitaya.xdc:213]
CRITICAL WARNING: [Vivado 12-4739] set_false_path:No valid object(s) found for '-to [get_clocks dac_clk_2x]'. [D:/Users/MicroSnail/Documents/Cornell/Vengalattore/FPGA_PID/rp_memory_test/rp_memory_test.srcs/constrs_1/imports/sdc/red_pitaya.xdc:213]
Resolution: Check if the specified object(s) exists in the current design. If it does, ensure that the correct design hierarchy was specified for the object. If you are working with clocks, make sure create_clock was used to create the clock object before it is referenced.
WARNING: [Vivado 12-627] No clocks matched 'dac_clk_2p'. [D:/Users/MicroSnail/Documents/Cornell/Vengalattore/FPGA_PID/rp_memory_test/rp_memory_test.srcs/constrs_1/imports/sdc/red_pitaya.xdc:214]
INFO: [Vivado 12-626] No clocks found. Please use 'create_clock' or 'create_generated_clock' command to create clocks. [D:/Users/MicroSnail/Documents/Cornell/Vengalattore/FPGA_PID/rp_memory_test/rp_memory_test.srcs/constrs_1/imports/sdc/red_pitaya.xdc:214]
CRITICAL WARNING: [Vivado 12-4739] set_false_path:No valid object(s) found for '-to [get_clocks dac_clk_2p]'. [D:/Users/MicroSnail/Documents/Cornell/Vengalattore/FPGA_PID/rp_memory_test/rp_memory_test.srcs/constrs_1/imports/sdc/red_pitaya.xdc:214]
Resolution: Check if the specified object(s) exists in the current design. If it does, ensure that the correct design hierarchy was specified for the object. If you are working with clocks, make sure create_clock was used to create the clock object before it is referenced.
WARNING: [Vivado 12-627] No clocks matched 'dac_clk_1x'. [D:/Users/MicroSnail/Documents/Cornell/Vengalattore/FPGA_PID/rp_memory_test/rp_memory_test.srcs/constrs_1/imports/sdc/red_pitaya.xdc:216]
INFO: [Vivado 12-626] No clocks found. Please use 'create_clock' or 'create_generated_clock' command to create clocks. [D:/Users/MicroSnail/Documents/Cornell/Vengalattore/FPGA_PID/rp_memory_test/rp_memory_test.srcs/constrs_1/imports/sdc/red_pitaya.xdc:216]
CRITICAL WARNING: [Vivado 12-4739] set_false_path:No valid object(s) found for '-to [get_clocks dac_clk_1x]'. [D:/Users/MicroSnail/Documents/Cornell/Vengalattore/FPGA_PID/rp_memory_test/rp_memory_test.srcs/constrs_1/imports/sdc/red_pitaya.xdc:216]
Resolution: Check if the specified object(s) exists in the current design. If it does, ensure that the correct design hierarchy was specified for the object. If you are working with clocks, make sure create_clock was used to create the clock object before it is referenced.
WARNING: [Vivado 12-627] No clocks matched 'dac_clk_2x'. [D:/Users/MicroSnail/Documents/Cornell/Vengalattore/FPGA_PID/rp_memory_test/rp_memory_test.srcs/constrs_1/imports/sdc/red_pitaya.xdc:217]
INFO: [Vivado 12-626] No clocks found. Please use 'create_clock' or 'create_generated_clock' command to create clocks. [D:/Users/MicroSnail/Documents/Cornell/Vengalattore/FPGA_PID/rp_memory_test/rp_memory_test.srcs/constrs_1/imports/sdc/red_pitaya.xdc:217]
CRITICAL WARNING: [Vivado 12-4739] set_false_path:No valid object(s) found for '-to [get_clocks dac_clk_2x]'. [D:/Users/MicroSnail/Documents/Cornell/Vengalattore/FPGA_PID/rp_memory_test/rp_memory_test.srcs/constrs_1/imports/sdc/red_pitaya.xdc:217]
Resolution: Check if the specified object(s) exists in the current design. If it does, ensure that the correct design hierarchy was specified for the object. If you are working with clocks, make sure create_clock was used to create the clock object before it is referenced.
WARNING: [Vivado 12-627] No clocks matched 'dac_clk_2p'. [D:/Users/MicroSnail/Documents/Cornell/Vengalattore/FPGA_PID/rp_memory_test/rp_memory_test.srcs/constrs_1/imports/sdc/red_pitaya.xdc:218]
INFO: [Vivado 12-626] No clocks found. Please use 'create_clock' or 'create_generated_clock' command to create clocks. [D:/Users/MicroSnail/Documents/Cornell/Vengalattore/FPGA_PID/rp_memory_test/rp_memory_test.srcs/constrs_1/imports/sdc/red_pitaya.xdc:218]
CRITICAL WARNING: [Vivado 12-4739] set_false_path:No valid object(s) found for '-to [get_clocks dac_clk_2p]'. [D:/Users/MicroSnail/Documents/Cornell/Vengalattore/FPGA_PID/rp_memory_test/rp_memory_test.srcs/constrs_1/imports/sdc/red_pitaya.xdc:218]
Resolution: Check if the specified object(s) exists in the current design. If it does, ensure that the correct design hierarchy was specified for the object. If you are working with clocks, make sure create_clock was used to create the clock object before it is referenced.
WARNING: [Vivado 12-627] No clocks matched 'ser_clk'. [D:/Users/MicroSnail/Documents/Cornell/Vengalattore/FPGA_PID/rp_memory_test/rp_memory_test.srcs/constrs_1/imports/sdc/red_pitaya.xdc:219]
INFO: [Vivado 12-626] No clocks found. Please use 'create_clock' or 'create_generated_clock' command to create clocks. [D:/Users/MicroSnail/Documents/Cornell/Vengalattore/FPGA_PID/rp_memory_test/rp_memory_test.srcs/constrs_1/imports/sdc/red_pitaya.xdc:219]
CRITICAL WARNING: [Vivado 12-4739] set_false_path:No valid object(s) found for '-to [get_clocks ser_clk]'. [D:/Users/MicroSnail/Documents/Cornell/Vengalattore/FPGA_PID/rp_memory_test/rp_memory_test.srcs/constrs_1/imports/sdc/red_pitaya.xdc:219]
Resolution: Check if the specified object(s) exists in the current design. If it does, ensure that the correct design hierarchy was specified for the object. If you are working with clocks, make sure create_clock was used to create the clock object before it is referenced.
WARNING: [Vivado 12-627] No clocks matched 'pdm_clk'. [D:/Users/MicroSnail/Documents/Cornell/Vengalattore/FPGA_PID/rp_memory_test/rp_memory_test.srcs/constrs_1/imports/sdc/red_pitaya.xdc:220]
INFO: [Vivado 12-626] No clocks found. Please use 'create_clock' or 'create_generated_clock' command to create clocks. [D:/Users/MicroSnail/Documents/Cornell/Vengalattore/FPGA_PID/rp_memory_test/rp_memory_test.srcs/constrs_1/imports/sdc/red_pitaya.xdc:220]
CRITICAL WARNING: [Vivado 12-4739] set_false_path:No valid object(s) found for '-to [get_clocks pdm_clk]'. [D:/Users/MicroSnail/Documents/Cornell/Vengalattore/FPGA_PID/rp_memory_test/rp_memory_test.srcs/constrs_1/imports/sdc/red_pitaya.xdc:220]
Resolution: Check if the specified object(s) exists in the current design. If it does, ensure that the correct design hierarchy was specified for the object. If you are working with clocks, make sure create_clock was used to create the clock object before it is referenced.
WARNING: [Vivado 12-627] No clocks matched 'dac_clk_o'. [D:/Users/MicroSnail/Documents/Cornell/Vengalattore/FPGA_PID/rp_memory_test/rp_memory_test.srcs/constrs_1/imports/sdc/red_pitaya.xdc:221]
INFO: [Vivado 12-626] No clocks found. Please use 'create_clock' or 'create_generated_clock' command to create clocks. [D:/Users/MicroSnail/Documents/Cornell/Vengalattore/FPGA_PID/rp_memory_test/rp_memory_test.srcs/constrs_1/imports/sdc/red_pitaya.xdc:221]
WARNING: [Vivado 12-627] No clocks matched 'dac_clk_2x'. [D:/Users/MicroSnail/Documents/Cornell/Vengalattore/FPGA_PID/rp_memory_test/rp_memory_test.srcs/constrs_1/imports/sdc/red_pitaya.xdc:221]
INFO: [Vivado 12-626] No clocks found. Please use 'create_clock' or 'create_generated_clock' command to create clocks. [D:/Users/MicroSnail/Documents/Cornell/Vengalattore/FPGA_PID/rp_memory_test/rp_memory_test.srcs/constrs_1/imports/sdc/red_pitaya.xdc:221]
CRITICAL WARNING: [Vivado 12-4739] set_false_path:No valid object(s) found for '-from [get_clocks dac_clk_o]'. [D:/Users/MicroSnail/Documents/Cornell/Vengalattore/FPGA_PID/rp_memory_test/rp_memory_test.srcs/constrs_1/imports/sdc/red_pitaya.xdc:221]
Resolution: Check if the specified object(s) exists in the current design. If it does, ensure that the correct design hierarchy was specified for the object. If you are working with clocks, make sure create_clock was used to create the clock object before it is referenced.
WARNING: [Vivado 12-627] No clocks matched 'dac_clk_o'. [D:/Users/MicroSnail/Documents/Cornell/Vengalattore/FPGA_PID/rp_memory_test/rp_memory_test.srcs/constrs_1/imports/sdc/red_pitaya.xdc:222]
INFO: [Vivado 12-626] No clocks found. Please use 'create_clock' or 'create_generated_clock' command to create clocks. [D:/Users/MicroSnail/Documents/Cornell/Vengalattore/FPGA_PID/rp_memory_test/rp_memory_test.srcs/constrs_1/imports/sdc/red_pitaya.xdc:222]
WARNING: [Vivado 12-627] No clocks matched 'dac_clk_2p'. [D:/Users/MicroSnail/Documents/Cornell/Vengalattore/FPGA_PID/rp_memory_test/rp_memory_test.srcs/constrs_1/imports/sdc/red_pitaya.xdc:222]
INFO: [Vivado 12-626] No clocks found. Please use 'create_clock' or 'create_generated_clock' command to create clocks. [D:/Users/MicroSnail/Documents/Cornell/Vengalattore/FPGA_PID/rp_memory_test/rp_memory_test.srcs/constrs_1/imports/sdc/red_pitaya.xdc:222]
CRITICAL WARNING: [Vivado 12-4739] set_false_path:No valid object(s) found for '-from [get_clocks dac_clk_o]'. [D:/Users/MicroSnail/Documents/Cornell/Vengalattore/FPGA_PID/rp_memory_test/rp_memory_test.srcs/constrs_1/imports/sdc/red_pitaya.xdc:222]
Resolution: Check if the specified object(s) exists in the current design. If it does, ensure that the correct design hierarchy was specified for the object. If you are working with clocks, make sure create_clock was used to create the clock object before it is referenced.
Finished Parsing XDC File [D:/Users/MicroSnail/Documents/Cornell/Vengalattore/FPGA_PID/rp_memory_test/rp_memory_test.srcs/constrs_1/imports/sdc/red_pitaya.xdc]
INFO: [Opt 31-138] Pushed 0 inverter(s) to 0 load pin(s).
INFO: [Project 1-111] Unisim Transformation Summary:
  A total of 56 instances were transformed.
  IOBUF => IOBUF (IBUF, OBUFT): 16 instances
  RAM32M => RAM32M (RAMD32, RAMD32, RAMD32, RAMD32, RAMD32, RAMD32, RAMS32, RAMS32): 40 instances

link_design: Time (s): cpu = 00:00:20 ; elapsed = 00:00:20 . Memory (MB): peak = 938.484 ; gain = 731.316
Command: opt_design
Attempting to get a license for feature 'Implementation' and/or device 'xc7z010'
INFO: [Common 17-349] Got license for feature 'Implementation' and/or device 'xc7z010'
Running DRC as a precondition to command opt_design

Starting DRC Task
INFO: [DRC 23-27] Running DRC with 2 threads
INFO: [Project 1-461] DRC finished with 0 Errors
INFO: [Project 1-462] Please refer to the DRC report (report_drc) for more information.

Time (s): cpu = 00:00:00 ; elapsed = 00:00:00.154 . Memory (MB): peak = 938.484 ; gain = 0.000
INFO: [Timing 38-35] Done setting XDC timing constraints.

Starting Logic Optimization Task
Implement Debug Cores | Checksum: 11326d95a

Phase 1 Retarget
INFO: [Opt 31-138] Pushed 1 inverter(s) to 1 load pin(s).
INFO: [Opt 31-274] Optimized connectivity to 4 cascaded BUFGCE cells
INFO: [Opt 31-49] Retargeted 0 cell(s).
Phase 1 Retarget | Checksum: 17b346c67

Time (s): cpu = 00:00:01 ; elapsed = 00:00:01 . Memory (MB): peak = 939.570 ; gain = 0.000

Phase 2 Constant Propagation
INFO: [Opt 31-138] Pushed 0 inverter(s) to 0 load pin(s).
INFO: [Opt 31-10] Eliminated 15 cells.
Phase 2 Constant Propagation | Checksum: 21968e47f

Time (s): cpu = 00:00:02 ; elapsed = 00:00:02 . Memory (MB): peak = 939.570 ; gain = 0.000

Phase 3 Sweep
INFO: [Opt 31-12] Eliminated 1234 unconnected nets.
INFO: [Opt 31-11] Eliminated 195 unconnected cells.
Phase 3 Sweep | Checksum: 1fc9efa36

Time (s): cpu = 00:00:03 ; elapsed = 00:00:03 . Memory (MB): peak = 939.570 ; gain = 0.000

Starting Connectivity Check Task

Time (s): cpu = 00:00:00 ; elapsed = 00:00:00.017 . Memory (MB): peak = 939.570 ; gain = 0.000
Ending Logic Optimization Task | Checksum: 1fc9efa36

Time (s): cpu = 00:00:03 ; elapsed = 00:00:03 . Memory (MB): peak = 939.570 ; gain = 0.000

Starting Power Optimization Task
INFO: [Pwropt 34-132] Skipping clock gating for clocks with a period < 2.00 ns.
INFO: [Power 33-23] Power model is not available for i_DNA
INFO: [Pwropt 34-9] Applying IDT optimizations ...
INFO: [Timing 38-35] Done setting XDC timing constraints.
INFO: [Pwropt 34-10] Applying ODC optimizations ...
Running Vector-less Activity Propagation...

Finished Running Vector-less Activity Propagation


Starting PowerOpt Patch Enables Task
INFO: [Pwropt 34-162] WRITE_MODE attribute of 0 BRAM(s) out of a total of 16 has been updated to save power. Run report_power_opt to get a complete listing of the BRAMs updated.
INFO: [Pwropt 34-201] Structural ODC has moved 0 WE to EN ports
Number of BRAM Ports augmented: 14 newly gated: 0 Total Ports: 32
Ending PowerOpt Patch Enables Task | Checksum: 1cc68256f

Time (s): cpu = 00:00:00 ; elapsed = 00:00:00.043 . Memory (MB): peak = 1115.309 ; gain = 0.000
Ending Power Optimization Task | Checksum: 1cc68256f

Time (s): cpu = 00:00:05 ; elapsed = 00:00:03 . Memory (MB): peak = 1115.309 ; gain = 175.738
INFO: [Common 17-83] Releasing license: Implementation
41 Infos, 12 Warnings, 10 Critical Warnings and 0 Errors encountered.
opt_design completed successfully
opt_design: Time (s): cpu = 00:00:09 ; elapsed = 00:00:07 . Memory (MB): peak = 1115.309 ; gain = 176.824
Writing placer database...
Writing XDEF routing.
Writing XDEF routing logical nets.
Writing XDEF routing special nets.
Write XDEF Complete: Time (s): cpu = 00:00:00 ; elapsed = 00:00:00.096 . Memory (MB): peak = 1115.309 ; gain = 0.000
INFO: [DRC 23-27] Running DRC with 2 threads
INFO: [Coretcl 2-168] The results of DRC are in file D:/Users/MicroSnail/Documents/Cornell/Vengalattore/FPGA_PID/rp_memory_test/rp_memory_test.runs/impl_1/red_pitaya_top_drc_opted.rpt.
INFO: [Chipscope 16-241] No debug cores found in the current design.
Before running the implement_debug_core command, either use the Set Up Debug wizard (GUI mode)
or use the create_debug_core and connect_debug_core Tcl commands to insert debug cores into the design.
Command: place_design
Attempting to get a license for feature 'Implementation' and/or device 'xc7z010'
INFO: [Common 17-349] Got license for feature 'Implementation' and/or device 'xc7z010'
INFO: [DRC 23-27] Running DRC with 2 threads
INFO: [Vivado_Tcl 4-198] DRC finished with 0 Errors
INFO: [Vivado_Tcl 4-199] Please refer to the DRC report (report_drc) for more information.
Running DRC as a precondition to command place_design
INFO: [DRC 23-27] Running DRC with 2 threads
INFO: [Vivado_Tcl 4-198] DRC finished with 0 Errors
INFO: [Vivado_Tcl 4-199] Please refer to the DRC report (report_drc) for more information.

Starting Placer Task
INFO: [Place 30-611] Multithreading enabled for place_design using a maximum of 2 CPUs

Phase 1 Placer Initialization
Netlist sorting complete. Time (s): cpu = 00:00:00 ; elapsed = 00:00:00.023 . Memory (MB): peak = 1115.309 ; gain = 0.000
INFO: [Timing 38-35] Done setting XDC timing constraints.
INFO: [Opt 31-138] Pushed 0 inverter(s) to 0 load pin(s).
Netlist sorting complete. Time (s): cpu = 00:00:00 ; elapsed = 00:00:00.013 . Memory (MB): peak = 1115.309 ; gain = 0.000

Phase 1.1 IO Placement/ Clock Placement/ Build Placer Device

Phase 1.1.1 ParallelPlaceIOClockAndInitTop

Phase 1.1.1.1 Pre-Place Cells
Phase 1.1.1.1 Pre-Place Cells | Checksum: 49565900

Time (s): cpu = 00:00:01 ; elapsed = 00:00:01 . Memory (MB): peak = 1115.309 ; gain = 0.000

Phase 1.1.1.2 Constructing HAPIClkRuleMgr
Phase 1.1.1.2 Constructing HAPIClkRuleMgr | Checksum: 49565900

Time (s): cpu = 00:00:02 ; elapsed = 00:00:02 . Memory (MB): peak = 1115.309 ; gain = 0.000
WARNING: [Place 30-879] Found overlapping PBlocks. The use of overlapping PBlocks is not recommended as it may lead to legalization errors or unplaced instances.
WARNING: [Place 30-12] An IO Bus FIXED_IO_mio with more than one IO standard is found. Components associated with this bus are: 
	FIXED_IO_mio[53] of IOStandard LVCMOS25
	FIXED_IO_mio[52] of IOStandard LVCMOS25
	FIXED_IO_mio[51] of IOStandard LVCMOS25
	FIXED_IO_mio[50] of IOStandard LVCMOS25
	FIXED_IO_mio[49] of IOStandard LVCMOS25
	FIXED_IO_mio[48] of IOStandard LVCMOS25
	FIXED_IO_mio[47] of IOStandard LVCMOS25
	FIXED_IO_mio[46] of IOStandard LVCMOS25
	FIXED_IO_mio[45] of IOStandard LVCMOS25
	FIXED_IO_mio[44] of IOStandard LVCMOS25
	FIXED_IO_mio[43] of IOStandard LVCMOS25
	FIXED_IO_mio[42] of IOStandard LVCMOS25
	FIXED_IO_mio[41] of IOStandard LVCMOS25
	FIXED_IO_mio[40] of IOStandard LVCMOS25
	FIXED_IO_mio[39] of IOStandard LVCMOS25
	FIXED_IO_mio[38] of IOStandard LVCMOS25
	FIXED_IO_mio[37] of IOStandard LVCMOS25
	FIXED_IO_mio[36] of IOStandard LVCMOS25
	FIXED_IO_mio[35] of IOStandard LVCMOS25
	FIXED_IO_mio[34] of IOStandard LVCMOS25
	FIXED_IO_mio[33] of IOStandard LVCMOS25
	FIXED_IO_mio[32] of IOStandard LVCMOS25
	FIXED_IO_mio[31] of IOStandard LVCMOS25
	FIXED_IO_mio[30] of IOStandard LVCMOS25
	FIXED_IO_mio[29] of IOStandard LVCMOS25
	FIXED_IO_mio[28] of IOStandard LVCMOS25
	FIXED_IO_mio[27] of IOStandard LVCMOS25
	FIXED_IO_mio[26] of IOStandard LVCMOS25
	FIXED_IO_mio[25] of IOStandard LVCMOS25
	FIXED_IO_mio[24] of IOStandard LVCMOS25
	FIXED_IO_mio[23] of IOStandard LVCMOS25
	FIXED_IO_mio[22] of IOStandard LVCMOS25
	FIXED_IO_mio[21] of IOStandard LVCMOS25
	FIXED_IO_mio[20] of IOStandard LVCMOS25
	FIXED_IO_mio[19] of IOStandard LVCMOS25
	FIXED_IO_mio[18] of IOStandard LVCMOS25
	FIXED_IO_mio[17] of IOStandard LVCMOS25
	FIXED_IO_mio[16] of IOStandard LVCMOS25
	FIXED_IO_mio[15] of IOStandard LVCMOS33
	FIXED_IO_mio[14] of IOStandard LVCMOS33
	FIXED_IO_mio[13] of IOStandard LVCMOS33
	FIXED_IO_mio[12] of IOStandard LVCMOS33
	FIXED_IO_mio[11] of IOStandard LVCMOS33
	FIXED_IO_mio[10] of IOStandard LVCMOS33
	FIXED_IO_mio[9] of IOStandard LVCMOS33
	FIXED_IO_mio[8] of IOStandard LVCMOS33
	FIXED_IO_mio[7] of IOStandard LVCMOS33
	FIXED_IO_mio[6] of IOStandard LVCMOS33
	FIXED_IO_mio[5] of IOStandard LVCMOS33
	FIXED_IO_mio[4] of IOStandard LVCMOS33
	FIXED_IO_mio[3] of IOStandard LVCMOS33
	FIXED_IO_mio[2] of IOStandard LVCMOS33
	FIXED_IO_mio[1] of IOStandard LVCMOS33
	FIXED_IO_mio[0] of IOStandard LVCMOS33
INFO: [Timing 38-35] Done setting XDC timing constraints.

Phase 1.1.1.3 IO and Clk Clean Up

Phase 1.1.1.3.1 Constructing HAPIClkRuleMgr
Phase 1.1.1.3.1 Constructing HAPIClkRuleMgr | Checksum: 49565900

Time (s): cpu = 00:00:05 ; elapsed = 00:00:05 . Memory (MB): peak = 1115.309 ; gain = 0.000
Phase 1.1.1.3 IO and Clk Clean Up | Checksum: 49565900

Time (s): cpu = 00:00:05 ; elapsed = 00:00:05 . Memory (MB): peak = 1115.309 ; gain = 0.000

Phase 1.1.1.4 Implementation Feasibility check On IDelay
Phase 1.1.1.4 Implementation Feasibility check On IDelay | Checksum: 49565900

Time (s): cpu = 00:00:05 ; elapsed = 00:00:05 . Memory (MB): peak = 1115.309 ; gain = 0.000

Phase 1.1.1.5 Commit IO Placement
Phase 1.1.1.5 Commit IO Placement | Checksum: 15b51919

Time (s): cpu = 00:00:06 ; elapsed = 00:00:05 . Memory (MB): peak = 1115.309 ; gain = 0.000
Phase 1.1.1 ParallelPlaceIOClockAndInitTop | Checksum: 15b51919

Time (s): cpu = 00:00:06 ; elapsed = 00:00:05 . Memory (MB): peak = 1115.309 ; gain = 0.000
Phase 1.1 IO Placement/ Clock Placement/ Build Placer Device | Checksum: 9f8c2579

Time (s): cpu = 00:00:06 ; elapsed = 00:00:05 . Memory (MB): peak = 1115.309 ; gain = 0.000

Phase 1.2 Build Placer Netlist Model

Phase 1.2.1 Place Init Design

Phase 1.2.1.1 Make Others
Phase 1.2.1.1 Make Others | Checksum: 14865d511

Time (s): cpu = 00:00:06 ; elapsed = 00:00:05 . Memory (MB): peak = 1115.309 ; gain = 0.000

Phase 1.2.1.2 Init Lut Pin Assignment
Phase 1.2.1.2 Init Lut Pin Assignment | Checksum: 14865d511

Time (s): cpu = 00:00:06 ; elapsed = 00:00:06 . Memory (MB): peak = 1115.309 ; gain = 0.000
Phase 1.2.1 Place Init Design | Checksum: 975e4e51

Time (s): cpu = 00:00:09 ; elapsed = 00:00:08 . Memory (MB): peak = 1115.309 ; gain = 0.000
Phase 1.2 Build Placer Netlist Model | Checksum: 975e4e51

Time (s): cpu = 00:00:09 ; elapsed = 00:00:08 . Memory (MB): peak = 1115.309 ; gain = 0.000

Phase 1.3 Constrain Clocks/Macros
Phase 1.3 Constrain Clocks/Macros | Checksum: 975e4e51

Time (s): cpu = 00:00:09 ; elapsed = 00:00:08 . Memory (MB): peak = 1115.309 ; gain = 0.000
Phase 1 Placer Initialization | Checksum: 975e4e51

Time (s): cpu = 00:00:09 ; elapsed = 00:00:08 . Memory (MB): peak = 1115.309 ; gain = 0.000

Phase 2 Global Placement
Phase 2 Global Placement | Checksum: 185490228

Time (s): cpu = 00:00:18 ; elapsed = 00:00:13 . Memory (MB): peak = 1115.309 ; gain = 0.000

Phase 3 Detail Placement

Phase 3.1 Commit Multi Column Macros
Phase 3.1 Commit Multi Column Macros | Checksum: 185490228

Time (s): cpu = 00:00:18 ; elapsed = 00:00:13 . Memory (MB): peak = 1115.309 ; gain = 0.000

Phase 3.2 Commit Most Macros & LUTRAMs
Phase 3.2 Commit Most Macros & LUTRAMs | Checksum: 11d6b83bd

Time (s): cpu = 00:00:21 ; elapsed = 00:00:15 . Memory (MB): peak = 1115.309 ; gain = 0.000

Phase 3.3 Area Swap Optimization
Phase 3.3 Area Swap Optimization | Checksum: 1a8baefed

Time (s): cpu = 00:00:21 ; elapsed = 00:00:15 . Memory (MB): peak = 1115.309 ; gain = 0.000

Phase 3.4 updateClock Trees: DP
Phase 3.4 updateClock Trees: DP | Checksum: 1a8baefed

Time (s): cpu = 00:00:21 ; elapsed = 00:00:15 . Memory (MB): peak = 1115.309 ; gain = 0.000

Phase 3.5 Timing Path Optimizer
Phase 3.5 Timing Path Optimizer | Checksum: 165cef906

Time (s): cpu = 00:00:22 ; elapsed = 00:00:15 . Memory (MB): peak = 1115.309 ; gain = 0.000

Phase 3.6 Fast Optimization
Phase 3.6 Fast Optimization | Checksum: 172986f17

Time (s): cpu = 00:00:22 ; elapsed = 00:00:16 . Memory (MB): peak = 1115.309 ; gain = 0.000

Phase 3.7 Small Shape Detail Placement
Phase 3.7 Small Shape Detail Placement | Checksum: 11880d2d9

Time (s): cpu = 00:00:24 ; elapsed = 00:00:18 . Memory (MB): peak = 1115.309 ; gain = 0.000

Phase 3.8 Re-assign LUT pins
Phase 3.8 Re-assign LUT pins | Checksum: 16abeb8c7

Time (s): cpu = 00:00:25 ; elapsed = 00:00:18 . Memory (MB): peak = 1115.309 ; gain = 0.000

Phase 3.9 Pipeline Register Optimization
Phase 3.9 Pipeline Register Optimization | Checksum: 16abeb8c7

Time (s): cpu = 00:00:25 ; elapsed = 00:00:18 . Memory (MB): peak = 1115.309 ; gain = 0.000

Phase 3.10 Fast Optimization
Phase 3.10 Fast Optimization | Checksum: 1b8373d2e

Time (s): cpu = 00:00:26 ; elapsed = 00:00:19 . Memory (MB): peak = 1115.309 ; gain = 0.000
Phase 3 Detail Placement | Checksum: 1b8373d2e

Time (s): cpu = 00:00:26 ; elapsed = 00:00:19 . Memory (MB): peak = 1115.309 ; gain = 0.000

Phase 4 Post Placement Optimization and Clean-Up

Phase 4.1 Post Commit Optimization
INFO: [Timing 38-35] Done setting XDC timing constraints.

Phase 4.1.1 updateClock Trees: PCOPT
Phase 4.1.1 updateClock Trees: PCOPT | Checksum: 17a66b294

Time (s): cpu = 00:00:29 ; elapsed = 00:00:21 . Memory (MB): peak = 1115.309 ; gain = 0.000

Phase 4.1.2 Post Placement Optimization
INFO: [Place 30-746] Post Placement Timing Summary WNS=0.167. For the most accurate timing information please run report_timing.
Phase 4.1.2 Post Placement Optimization | Checksum: 1cd52e1f4

Time (s): cpu = 00:00:38 ; elapsed = 00:00:30 . Memory (MB): peak = 1115.309 ; gain = 0.000
Phase 4.1 Post Commit Optimization | Checksum: 1cd52e1f4

Time (s): cpu = 00:00:38 ; elapsed = 00:00:30 . Memory (MB): peak = 1115.309 ; gain = 0.000

Phase 4.2 Sweep Clock Roots: Post-Placement
Phase 4.2 Sweep Clock Roots: Post-Placement | Checksum: 1cd52e1f4

Time (s): cpu = 00:00:38 ; elapsed = 00:00:30 . Memory (MB): peak = 1115.309 ; gain = 0.000

Phase 4.3 Uram Pipeline Register Optimization
Phase 4.3 Uram Pipeline Register Optimization | Checksum: 1cd52e1f4

Time (s): cpu = 00:00:38 ; elapsed = 00:00:30 . Memory (MB): peak = 1115.309 ; gain = 0.000

Phase 4.4 Post Placement Cleanup
Phase 4.4 Post Placement Cleanup | Checksum: 1cd52e1f4

Time (s): cpu = 00:00:38 ; elapsed = 00:00:30 . Memory (MB): peak = 1115.309 ; gain = 0.000

Phase 4.5 Placer Reporting
Phase 4.5 Placer Reporting | Checksum: 1cd52e1f4

Time (s): cpu = 00:00:38 ; elapsed = 00:00:30 . Memory (MB): peak = 1115.309 ; gain = 0.000

Phase 4.6 Final Placement Cleanup
Phase 4.6 Final Placement Cleanup | Checksum: 1b33e8a8c

Time (s): cpu = 00:00:38 ; elapsed = 00:00:30 . Memory (MB): peak = 1115.309 ; gain = 0.000
Phase 4 Post Placement Optimization and Clean-Up | Checksum: 1b33e8a8c

Time (s): cpu = 00:00:38 ; elapsed = 00:00:30 . Memory (MB): peak = 1115.309 ; gain = 0.000
Ending Placer Task | Checksum: 15df07e0a

Time (s): cpu = 00:00:38 ; elapsed = 00:00:30 . Memory (MB): peak = 1115.309 ; gain = 0.000
INFO: [Common 17-83] Releasing license: Implementation
58 Infos, 14 Warnings, 10 Critical Warnings and 0 Errors encountered.
place_design completed successfully
place_design: Time (s): cpu = 00:00:41 ; elapsed = 00:00:32 . Memory (MB): peak = 1115.309 ; gain = 0.000
Writing placer database...
Writing XDEF routing.
Writing XDEF routing logical nets.
Writing XDEF routing special nets.
Write XDEF Complete: Time (s): cpu = 00:00:02 ; elapsed = 00:00:00.899 . Memory (MB): peak = 1115.309 ; gain = 0.000
report_io: Time (s): cpu = 00:00:00 ; elapsed = 00:00:00.072 . Memory (MB): peak = 1115.309 ; gain = 0.000
report_utilization: Time (s): cpu = 00:00:00 ; elapsed = 00:00:00.067 . Memory (MB): peak = 1115.309 ; gain = 0.000
report_control_sets: Time (s): cpu = 00:00:00 ; elapsed = 00:00:00.020 . Memory (MB): peak = 1115.309 ; gain = 0.000
Command: route_design
Attempting to get a license for feature 'Implementation' and/or device 'xc7z010'
INFO: [Common 17-349] Got license for feature 'Implementation' and/or device 'xc7z010'
Running DRC as a precondition to command route_design
INFO: [DRC 23-27] Running DRC with 2 threads
WARNING: [DRC 23-20] Rule violation (PLIO-7) Placement Constraints Check for IO constraints - An IO Bus FIXED_IO_mio[53:0] with more than one IO standard is found. Components associated with this bus are: LVCMOS33 (FIXED_IO_mio[15], FIXED_IO_mio[14], FIXED_IO_mio[13], FIXED_IO_mio[12], FIXED_IO_mio[11], FIXED_IO_mio[10], FIXED_IO_mio[9], FIXED_IO_mio[8], FIXED_IO_mio[7], FIXED_IO_mio[6], FIXED_IO_mio[5], FIXED_IO_mio[4], FIXED_IO_mio[3], FIXED_IO_mio[2], FIXED_IO_mio[1] (the first 15 of 16 listed)); LVCMOS25 (FIXED_IO_mio[53], FIXED_IO_mio[52], FIXED_IO_mio[51], FIXED_IO_mio[50], FIXED_IO_mio[49], FIXED_IO_mio[48], FIXED_IO_mio[47], FIXED_IO_mio[46], FIXED_IO_mio[45], FIXED_IO_mio[44], FIXED_IO_mio[43], FIXED_IO_mio[42], FIXED_IO_mio[41], FIXED_IO_mio[40], FIXED_IO_mio[39] (the first 15 of 38 listed)); 
INFO: [Vivado_Tcl 4-198] DRC finished with 0 Errors, 1 Warnings
INFO: [Vivado_Tcl 4-199] Please refer to the DRC report (report_drc) for more information.


Starting Routing Task
INFO: [Route 35-254] Multithreading enabled for route_design using a maximum of 2 CPUs
Checksum: PlaceDB: d1e9ae83 ConstDB: 0 ShapeSum: 8c06cf87 RouteDB: 0

Phase 1 Build RT Design
Phase 1 Build RT Design | Checksum: d389a385

Time (s): cpu = 00:00:18 ; elapsed = 00:00:15 . Memory (MB): peak = 1115.309 ; gain = 0.000

Phase 2 Router Initialization

Phase 2.1 Create Timer
Phase 2.1 Create Timer | Checksum: d389a385

Time (s): cpu = 00:00:18 ; elapsed = 00:00:16 . Memory (MB): peak = 1115.309 ; gain = 0.000

Phase 2.2 Fix Topology Constraints
Phase 2.2 Fix Topology Constraints | Checksum: d389a385

Time (s): cpu = 00:00:18 ; elapsed = 00:00:16 . Memory (MB): peak = 1115.309 ; gain = 0.000

Phase 2.3 Pre Route Cleanup
Phase 2.3 Pre Route Cleanup | Checksum: d389a385

Time (s): cpu = 00:00:18 ; elapsed = 00:00:16 . Memory (MB): peak = 1115.309 ; gain = 0.000
 Number of Nodes with overlaps = 0

Phase 2.4 Update Timing
Phase 2.4 Update Timing | Checksum: 186a4deef

Time (s): cpu = 00:00:23 ; elapsed = 00:00:19 . Memory (MB): peak = 1115.309 ; gain = 0.000
INFO: [Route 35-416] Intermediate Timing Summary | WNS=-0.050 | TNS=-0.070 | WHS=-0.333 | THS=-156.823|

Phase 2 Router Initialization | Checksum: 177ced542

Time (s): cpu = 00:00:24 ; elapsed = 00:00:20 . Memory (MB): peak = 1115.309 ; gain = 0.000

Phase 3 Initial Routing
Phase 3 Initial Routing | Checksum: f1454832

Time (s): cpu = 00:00:27 ; elapsed = 00:00:21 . Memory (MB): peak = 1115.309 ; gain = 0.000

Phase 4 Rip-up And Reroute

Phase 4.1 Global Iteration 0
 Number of Nodes with overlaps = 1017
 Number of Nodes with overlaps = 240
 Number of Nodes with overlaps = 71
 Number of Nodes with overlaps = 21
 Number of Nodes with overlaps = 5
 Number of Nodes with overlaps = 1
 Number of Nodes with overlaps = 0

Phase 4.1.1 Update Timing
Phase 4.1.1 Update Timing | Checksum: 1c72931d1

Time (s): cpu = 00:00:40 ; elapsed = 00:00:30 . Memory (MB): peak = 1115.309 ; gain = 0.000
INFO: [Route 35-416] Intermediate Timing Summary | WNS=-0.475 | TNS=-1.243 | WHS=N/A    | THS=N/A    |


Phase 4.1.2 GlobIterForTiming

Phase 4.1.2.1 Update Timing
Phase 4.1.2.1 Update Timing | Checksum: 15147ffaf

Time (s): cpu = 00:00:41 ; elapsed = 00:00:30 . Memory (MB): peak = 1115.309 ; gain = 0.000

Phase 4.1.2.2 Fast Budgeting
Phase 4.1.2.2 Fast Budgeting | Checksum: 10fd9e54b

Time (s): cpu = 00:00:41 ; elapsed = 00:00:30 . Memory (MB): peak = 1115.309 ; gain = 0.000
Phase 4.1.2 GlobIterForTiming | Checksum: 2a49843bf

Time (s): cpu = 00:00:41 ; elapsed = 00:00:30 . Memory (MB): peak = 1115.309 ; gain = 0.000
Phase 4.1 Global Iteration 0 | Checksum: 2a49843bf

Time (s): cpu = 00:00:41 ; elapsed = 00:00:30 . Memory (MB): peak = 1115.309 ; gain = 0.000

Phase 4.2 Global Iteration 1
 Number of Nodes with overlaps = 6
 Number of Nodes with overlaps = 8
 Number of Nodes with overlaps = 7
 Number of Nodes with overlaps = 4
 Number of Nodes with overlaps = 0

Phase 4.2.1 Update Timing
Phase 4.2.1 Update Timing | Checksum: 22e1d008b

Time (s): cpu = 00:00:43 ; elapsed = 00:00:31 . Memory (MB): peak = 1115.309 ; gain = 0.000
INFO: [Route 35-416] Intermediate Timing Summary | WNS=-0.475 | TNS=-1.147 | WHS=N/A    | THS=N/A    |

Phase 4.2 Global Iteration 1 | Checksum: 2278c7dbb

Time (s): cpu = 00:00:43 ; elapsed = 00:00:31 . Memory (MB): peak = 1115.309 ; gain = 0.000
Phase 4 Rip-up And Reroute | Checksum: 2278c7dbb

Time (s): cpu = 00:00:43 ; elapsed = 00:00:31 . Memory (MB): peak = 1115.309 ; gain = 0.000

Phase 5 Delay and Skew Optimization

Phase 5.1 Delay CleanUp

Phase 5.1.1 Update Timing
Phase 5.1.1 Update Timing | Checksum: 20e586048

Time (s): cpu = 00:00:43 ; elapsed = 00:00:32 . Memory (MB): peak = 1115.309 ; gain = 0.000
INFO: [Route 35-416] Intermediate Timing Summary | WNS=-0.360 | TNS=-0.687 | WHS=N/A    | THS=N/A    |

 Number of Nodes with overlaps = 0
Phase 5.1 Delay CleanUp | Checksum: 23801887c

Time (s): cpu = 00:00:44 ; elapsed = 00:00:32 . Memory (MB): peak = 1115.309 ; gain = 0.000

Phase 5.2 Clock Skew Optimization
Phase 5.2 Clock Skew Optimization | Checksum: 23801887c

Time (s): cpu = 00:00:44 ; elapsed = 00:00:32 . Memory (MB): peak = 1115.309 ; gain = 0.000
Phase 5 Delay and Skew Optimization | Checksum: 23801887c

Time (s): cpu = 00:00:44 ; elapsed = 00:00:32 . Memory (MB): peak = 1115.309 ; gain = 0.000

Phase 6 Post Hold Fix

Phase 6.1 Hold Fix Iter

Phase 6.1.1 Update Timing
Phase 6.1.1 Update Timing | Checksum: 17b9748a2

Time (s): cpu = 00:00:44 ; elapsed = 00:00:33 . Memory (MB): peak = 1115.309 ; gain = 0.000
INFO: [Route 35-416] Intermediate Timing Summary | WNS=-0.360 | TNS=-0.687 | WHS=-2.165 | THS=-58.898|

Phase 6.1 Hold Fix Iter | Checksum: 14cdd892b

Time (s): cpu = 00:00:44 ; elapsed = 00:00:33 . Memory (MB): peak = 1115.309 ; gain = 0.000
Phase 6 Post Hold Fix | Checksum: 19c9727a5

Time (s): cpu = 00:00:45 ; elapsed = 00:00:33 . Memory (MB): peak = 1115.309 ; gain = 0.000

Phase 7 Route finalize

Router Utilization Summary
  Global Vertical Routing Utilization    = 5.64668 %
  Global Horizontal Routing Utilization  = 7.06893 %
  Routable Net Status*
  *Does not include unroutable nets such as driverless and loadless.
  Run report_route_status for detailed report.
  Number of Failed Nets               = 0
  Number of Unrouted Nets             = 0
  Number of Partially Routed Nets     = 0
  Number of Node Overlaps             = 0

Congestion Report
North Dir 1x1 Area, Max Cong = 62.1622%, No Congested Regions.
South Dir 1x1 Area, Max Cong = 59.4595%, No Congested Regions.
East Dir 1x1 Area, Max Cong = 63.2353%, No Congested Regions.
West Dir 1x1 Area, Max Cong = 58.8235%, No Congested Regions.
Phase 7 Route finalize | Checksum: 193b18f9b

Time (s): cpu = 00:00:45 ; elapsed = 00:00:33 . Memory (MB): peak = 1115.309 ; gain = 0.000

Phase 8 Verifying routed nets

 Verification completed successfully
Phase 8 Verifying routed nets | Checksum: 193b18f9b

Time (s): cpu = 00:00:45 ; elapsed = 00:00:33 . Memory (MB): peak = 1115.309 ; gain = 0.000

Phase 9 Depositing Routes
Phase 9 Depositing Routes | Checksum: 18d1dbe70

Time (s): cpu = 00:00:45 ; elapsed = 00:00:33 . Memory (MB): peak = 1115.309 ; gain = 0.000

Phase 10 Post Router Timing

Phase 10.1 Update Timing
Phase 10.1 Update Timing | Checksum: 1cfaddd6f

Time (s): cpu = 00:00:46 ; elapsed = 00:00:34 . Memory (MB): peak = 1115.309 ; gain = 0.000
INFO: [Route 35-57] Estimated Timing Summary | WNS=-0.360 | TNS=-0.687 | WHS=-2.165 | THS=-58.898|

WARNING: [Route 35-328] Router estimated timing not met.
Resolution: For a complete and accurate timing signoff, report_timing_summary must be run after route_design. Alternatively, route_design can be run with the -timing_summary option to enable a complete timing signoff at the end of route_design.
Phase 10 Post Router Timing | Checksum: 1cfaddd6f

Time (s): cpu = 00:00:46 ; elapsed = 00:00:34 . Memory (MB): peak = 1115.309 ; gain = 0.000
WARNING: [Route 35-426] Router was unable to fix hold violation on unroutable pins. The router cannot add routing detours to improve hold time because the pins are part of one or more of the following unroutable types: partition pins, fixed routes and intra-site connections.
Resolution: Run report_timing_summary to analyze the hold violations.
INFO: [Route 35-16] Router Completed Successfully

Time (s): cpu = 00:00:46 ; elapsed = 00:00:34 . Memory (MB): peak = 1115.309 ; gain = 0.000

Routing Is Done.
INFO: [Common 17-83] Releasing license: Implementation
71 Infos, 17 Warnings, 10 Critical Warnings and 0 Errors encountered.
route_design completed successfully
route_design: Time (s): cpu = 00:00:48 ; elapsed = 00:00:35 . Memory (MB): peak = 1115.309 ; gain = 0.000
Writing placer database...
Writing XDEF routing.
Writing XDEF routing logical nets.
Writing XDEF routing special nets.
Write XDEF Complete: Time (s): cpu = 00:00:03 ; elapsed = 00:00:01 . Memory (MB): peak = 1115.309 ; gain = 0.000
INFO: [DRC 23-27] Running DRC with 2 threads
INFO: [Coretcl 2-168] The results of DRC are in file D:/Users/MicroSnail/Documents/Cornell/Vengalattore/FPGA_PID/rp_memory_test/rp_memory_test.runs/impl_1/red_pitaya_top_drc_routed.rpt.
INFO: [Timing 38-91] UpdateTimingParams: Speed grade: -1, Delay Type: min_max.
INFO: [Timing 38-191] Multithreading enabled for timing update using a maximum of 2 CPUs
CRITICAL WARNING: [Timing 38-282] The design failed to meet the timing requirements. Please see the timing summary report for details on the timing violations.
INFO: [Power 33-23] Power model is not available for i_DNA
Running Vector-less Activity Propagation...

Finished Running Vector-less Activity Propagation
WARNING: [Power 33-332] Found switching activity that implies high-fanout reset nets being asserted for excessive periods of time which may result in inaccurate power analysis.
Resolution: To review and fix problems, please run Power Constraints Advisor in the GUI from Tools > Power Constraints Advisor or run report_power with the -advisory option to generate a text report.
Attempting to get a license for feature 'Implementation' and/or device 'xc7z010'
INFO: [Common 17-349] Got license for feature 'Implementation' and/or device 'xc7z010'
Running DRC as a precondition to command write_bitstream
INFO: [DRC 23-27] Running DRC with 2 threads
WARNING: [DRC 23-20] Rule violation (DPIP-1) Input pipelining - DSP i_pid/i_pid11/int_sum input i_pid/i_pid11/int_sum/A[29:0] is not pipelined. Pipelining DSP48 input will improve performance.
WARNING: [DRC 23-20] Rule violation (DPIP-1) Input pipelining - DSP i_pid/i_pid11/kd_mult input i_pid/i_pid11/kd_mult/A[29:0] is not pipelined. Pipelining DSP48 input will improve performance.
WARNING: [DRC 23-20] Rule violation (DPIP-1) Input pipelining - DSP i_pid/i_pid11/kp_mult input i_pid/i_pid11/kp_mult/A[29:0] is not pipelined. Pipelining DSP48 input will improve performance.
WARNING: [DRC 23-20] Rule violation (DPIP-1) Input pipelining - DSP i_pid/i_pid12/int_sum input i_pid/i_pid12/int_sum/A[29:0] is not pipelined. Pipelining DSP48 input will improve performance.
WARNING: [DRC 23-20] Rule violation (DPIP-1) Input pipelining - DSP i_pid/i_pid12/kd_mult input i_pid/i_pid12/kd_mult/A[29:0] is not pipelined. Pipelining DSP48 input will improve performance.
WARNING: [DRC 23-20] Rule violation (DPIP-1) Input pipelining - DSP i_pid/i_pid12/kp_mult input i_pid/i_pid12/kp_mult/A[29:0] is not pipelined. Pipelining DSP48 input will improve performance.
WARNING: [DRC 23-20] Rule violation (DPIP-1) Input pipelining - DSP i_pid/i_pid21/int_sum input i_pid/i_pid21/int_sum/A[29:0] is not pipelined. Pipelining DSP48 input will improve performance.
WARNING: [DRC 23-20] Rule violation (DPIP-1) Input pipelining - DSP i_pid/i_pid21/kd_mult input i_pid/i_pid21/kd_mult/A[29:0] is not pipelined. Pipelining DSP48 input will improve performance.
WARNING: [DRC 23-20] Rule violation (DPIP-1) Input pipelining - DSP i_pid/i_pid21/kp_mult input i_pid/i_pid21/kp_mult/A[29:0] is not pipelined. Pipelining DSP48 input will improve performance.
WARNING: [DRC 23-20] Rule violation (DPIP-1) Input pipelining - DSP i_pid/i_pid22/int_sum input i_pid/i_pid22/int_sum/A[29:0] is not pipelined. Pipelining DSP48 input will improve performance.
WARNING: [DRC 23-20] Rule violation (DPIP-1) Input pipelining - DSP i_pid/i_pid22/kd_mult input i_pid/i_pid22/kd_mult/A[29:0] is not pipelined. Pipelining DSP48 input will improve performance.
WARNING: [DRC 23-20] Rule violation (DPIP-1) Input pipelining - DSP i_pid/i_pid22/kp_mult input i_pid/i_pid22/kp_mult/A[29:0] is not pipelined. Pipelining DSP48 input will improve performance.
WARNING: [DRC 23-20] Rule violation (DPIP-1) Input pipelining - DSP i_scope/i_dfilt1_cha/bb_mult input i_scope/i_dfilt1_cha/bb_mult/B[17:0] is not pipelined. Pipelining DSP48 input will improve performance.
WARNING: [DRC 23-20] Rule violation (DPIP-1) Input pipelining - DSP i_scope/i_dfilt1_chb/bb_mult input i_scope/i_dfilt1_chb/bb_mult/B[17:0] is not pipelined. Pipelining DSP48 input will improve performance.
WARNING: [DRC 23-20] Rule violation (DPOP-1) PREG Output pipelining - DSP i_pid/i_pid11/int_sum output i_pid/i_pid11/int_sum/PATTERNBDETECT is not pipelined (PREG=0). Pipelining the DSP48 output will improve performance and often saves power so it is suggested whenever possible to fully pipeline this function.  If this DSP48 function was inferred, it is suggested to describe an additional register stage after this function.  If the DSP48 was instantiated in the design, it is suggested to set the PREG attribute to 1.
WARNING: [DRC 23-20] Rule violation (DPOP-1) PREG Output pipelining - DSP i_pid/i_pid11/int_sum output i_pid/i_pid11/int_sum/PATTERNDETECT is not pipelined (PREG=0). Pipelining the DSP48 output will improve performance and often saves power so it is suggested whenever possible to fully pipeline this function.  If this DSP48 function was inferred, it is suggested to describe an additional register stage after this function.  If the DSP48 was instantiated in the design, it is suggested to set the PREG attribute to 1.
WARNING: [DRC 23-20] Rule violation (DPOP-1) PREG Output pipelining - DSP i_pid/i_pid11/int_sum output i_pid/i_pid11/int_sum/P[47:0] is not pipelined (PREG=0). Pipelining the DSP48 output will improve performance and often saves power so it is suggested whenever possible to fully pipeline this function.  If this DSP48 function was inferred, it is suggested to describe an additional register stage after this function.  If the DSP48 was instantiated in the design, it is suggested to set the PREG attribute to 1.
WARNING: [DRC 23-20] Rule violation (DPOP-1) PREG Output pipelining - DSP i_pid/i_pid12/int_sum output i_pid/i_pid12/int_sum/PATTERNBDETECT is not pipelined (PREG=0). Pipelining the DSP48 output will improve performance and often saves power so it is suggested whenever possible to fully pipeline this function.  If this DSP48 function was inferred, it is suggested to describe an additional register stage after this function.  If the DSP48 was instantiated in the design, it is suggested to set the PREG attribute to 1.
WARNING: [DRC 23-20] Rule violation (DPOP-1) PREG Output pipelining - DSP i_pid/i_pid12/int_sum output i_pid/i_pid12/int_sum/PATTERNDETECT is not pipelined (PREG=0). Pipelining the DSP48 output will improve performance and often saves power so it is suggested whenever possible to fully pipeline this function.  If this DSP48 function was inferred, it is suggested to describe an additional register stage after this function.  If the DSP48 was instantiated in the design, it is suggested to set the PREG attribute to 1.
WARNING: [DRC 23-20] Rule violation (DPOP-1) PREG Output pipelining - DSP i_pid/i_pid12/int_sum output i_pid/i_pid12/int_sum/P[47:0] is not pipelined (PREG=0). Pipelining the DSP48 output will improve performance and often saves power so it is suggested whenever possible to fully pipeline this function.  If this DSP48 function was inferred, it is suggested to describe an additional register stage after this function.  If the DSP48 was instantiated in the design, it is suggested to set the PREG attribute to 1.
WARNING: [DRC 23-20] Rule violation (DPOP-1) PREG Output pipelining - DSP i_pid/i_pid21/int_sum output i_pid/i_pid21/int_sum/PATTERNBDETECT is not pipelined (PREG=0). Pipelining the DSP48 output will improve performance and often saves power so it is suggested whenever possible to fully pipeline this function.  If this DSP48 function was inferred, it is suggested to describe an additional register stage after this function.  If the DSP48 was instantiated in the design, it is suggested to set the PREG attribute to 1.
WARNING: [DRC 23-20] Rule violation (DPOP-1) PREG Output pipelining - DSP i_pid/i_pid21/int_sum output i_pid/i_pid21/int_sum/PATTERNDETECT is not pipelined (PREG=0). Pipelining the DSP48 output will improve performance and often saves power so it is suggested whenever possible to fully pipeline this function.  If this DSP48 function was inferred, it is suggested to describe an additional register stage after this function.  If the DSP48 was instantiated in the design, it is suggested to set the PREG attribute to 1.
WARNING: [DRC 23-20] Rule violation (DPOP-1) PREG Output pipelining - DSP i_pid/i_pid21/int_sum output i_pid/i_pid21/int_sum/P[47:0] is not pipelined (PREG=0). Pipelining the DSP48 output will improve performance and often saves power so it is suggested whenever possible to fully pipeline this function.  If this DSP48 function was inferred, it is suggested to describe an additional register stage after this function.  If the DSP48 was instantiated in the design, it is suggested to set the PREG attribute to 1.
WARNING: [DRC 23-20] Rule violation (DPOP-1) PREG Output pipelining - DSP i_pid/i_pid22/int_sum output i_pid/i_pid22/int_sum/PATTERNBDETECT is not pipelined (PREG=0). Pipelining the DSP48 output will improve performance and often saves power so it is suggested whenever possible to fully pipeline this function.  If this DSP48 function was inferred, it is suggested to describe an additional register stage after this function.  If the DSP48 was instantiated in the design, it is suggested to set the PREG attribute to 1.
WARNING: [DRC 23-20] Rule violation (DPOP-1) PREG Output pipelining - DSP i_pid/i_pid22/int_sum output i_pid/i_pid22/int_sum/PATTERNDETECT is not pipelined (PREG=0). Pipelining the DSP48 output will improve performance and often saves power so it is suggested whenever possible to fully pipeline this function.  If this DSP48 function was inferred, it is suggested to describe an additional register stage after this function.  If the DSP48 was instantiated in the design, it is suggested to set the PREG attribute to 1.
WARNING: [DRC 23-20] Rule violation (DPOP-1) PREG Output pipelining - DSP i_pid/i_pid22/int_sum output i_pid/i_pid22/int_sum/P[47:0] is not pipelined (PREG=0). Pipelining the DSP48 output will improve performance and often saves power so it is suggested whenever possible to fully pipeline this function.  If this DSP48 function was inferred, it is suggested to describe an additional register stage after this function.  If the DSP48 was instantiated in the design, it is suggested to set the PREG attribute to 1.
WARNING: [DRC 23-20] Rule violation (DPOP-1) PREG Output pipelining - DSP i_scope/i_dfilt1_cha/kk_mult output i_scope/i_dfilt1_cha/kk_mult/P[47:0] is not pipelined (PREG=0). Pipelining the DSP48 output will improve performance and often saves power so it is suggested whenever possible to fully pipeline this function.  If this DSP48 function was inferred, it is suggested to describe an additional register stage after this function.  If the DSP48 was instantiated in the design, it is suggested to set the PREG attribute to 1.
WARNING: [DRC 23-20] Rule violation (DPOP-1) PREG Output pipelining - DSP i_scope/i_dfilt1_cha/pp_mult output i_scope/i_dfilt1_cha/pp_mult/P[47:0] is not pipelined (PREG=0). Pipelining the DSP48 output will improve performance and often saves power so it is suggested whenever possible to fully pipeline this function.  If this DSP48 function was inferred, it is suggested to describe an additional register stage after this function.  If the DSP48 was instantiated in the design, it is suggested to set the PREG attribute to 1.
WARNING: [DRC 23-20] Rule violation (DPOP-1) PREG Output pipelining - DSP i_scope/i_dfilt1_cha/r3_sum__0 output i_scope/i_dfilt1_cha/r3_sum__0/P[47:0] is not pipelined (PREG=0). Pipelining the DSP48 output will improve performance and often saves power so it is suggested whenever possible to fully pipeline this function.  If this DSP48 function was inferred, it is suggested to describe an additional register stage after this function.  If the DSP48 was instantiated in the design, it is suggested to set the PREG attribute to 1.
WARNING: [DRC 23-20] Rule violation (DPOP-1) PREG Output pipelining - DSP i_scope/i_dfilt1_chb/kk_mult output i_scope/i_dfilt1_chb/kk_mult/P[47:0] is not pipelined (PREG=0). Pipelining the DSP48 output will improve performance and often saves power so it is suggested whenever possible to fully pipeline this function.  If this DSP48 function was inferred, it is suggested to describe an additional register stage after this function.  If the DSP48 was instantiated in the design, it is suggested to set the PREG attribute to 1.
WARNING: [DRC 23-20] Rule violation (DPOP-1) PREG Output pipelining - DSP i_scope/i_dfilt1_chb/pp_mult output i_scope/i_dfilt1_chb/pp_mult/P[47:0] is not pipelined (PREG=0). Pipelining the DSP48 output will improve performance and often saves power so it is suggested whenever possible to fully pipeline this function.  If this DSP48 function was inferred, it is suggested to describe an additional register stage after this function.  If the DSP48 was instantiated in the design, it is suggested to set the PREG attribute to 1.
WARNING: [DRC 23-20] Rule violation (DPOP-1) PREG Output pipelining - DSP i_scope/i_dfilt1_chb/r3_sum__0 output i_scope/i_dfilt1_chb/r3_sum__0/P[47:0] is not pipelined (PREG=0). Pipelining the DSP48 output will improve performance and often saves power so it is suggested whenever possible to fully pipeline this function.  If this DSP48 function was inferred, it is suggested to describe an additional register stage after this function.  If the DSP48 was instantiated in the design, it is suggested to set the PREG attribute to 1.
WARNING: [DRC 23-20] Rule violation (DPOP-2) MREG Output pipelining - DSP i_pid/i_pid11/kd_mult multiplier stage i_pid/i_pid11/kd_mult/P[47:0] is not pipelined (MREG=0). Pipelining the multiplier function will improve performance and will save significant power so it is suggested whenever possible to fully pipeline this function.  If this multiplier was inferred, it is suggested to describe an additional register stage after this function.  If there is no registered adder/accumulator following the multiply function, two pipeline stages are suggested to allow both the MREG and PREG registers to be used.  If the DSP48 was instantiated in the design, it is suggested to set both the MREG and PREG attributes to 1 when performing multiply functions.
WARNING: [DRC 23-20] Rule violation (DPOP-2) MREG Output pipelining - DSP i_pid/i_pid11/kp_mult multiplier stage i_pid/i_pid11/kp_mult/P[47:0] is not pipelined (MREG=0). Pipelining the multiplier function will improve performance and will save significant power so it is suggested whenever possible to fully pipeline this function.  If this multiplier was inferred, it is suggested to describe an additional register stage after this function.  If there is no registered adder/accumulator following the multiply function, two pipeline stages are suggested to allow both the MREG and PREG registers to be used.  If the DSP48 was instantiated in the design, it is suggested to set both the MREG and PREG attributes to 1 when performing multiply functions.
WARNING: [DRC 23-20] Rule violation (DPOP-2) MREG Output pipelining - DSP i_pid/i_pid12/kd_mult multiplier stage i_pid/i_pid12/kd_mult/P[47:0] is not pipelined (MREG=0). Pipelining the multiplier function will improve performance and will save significant power so it is suggested whenever possible to fully pipeline this function.  If this multiplier was inferred, it is suggested to describe an additional register stage after this function.  If there is no registered adder/accumulator following the multiply function, two pipeline stages are suggested to allow both the MREG and PREG registers to be used.  If the DSP48 was instantiated in the design, it is suggested to set both the MREG and PREG attributes to 1 when performing multiply functions.
WARNING: [DRC 23-20] Rule violation (DPOP-2) MREG Output pipelining - DSP i_pid/i_pid12/kp_mult multiplier stage i_pid/i_pid12/kp_mult/P[47:0] is not pipelined (MREG=0). Pipelining the multiplier function will improve performance and will save significant power so it is suggested whenever possible to fully pipeline this function.  If this multiplier was inferred, it is suggested to describe an additional register stage after this function.  If there is no registered adder/accumulator following the multiply function, two pipeline stages are suggested to allow both the MREG and PREG registers to be used.  If the DSP48 was instantiated in the design, it is suggested to set both the MREG and PREG attributes to 1 when performing multiply functions.
WARNING: [DRC 23-20] Rule violation (DPOP-2) MREG Output pipelining - DSP i_pid/i_pid21/kd_mult multiplier stage i_pid/i_pid21/kd_mult/P[47:0] is not pipelined (MREG=0). Pipelining the multiplier function will improve performance and will save significant power so it is suggested whenever possible to fully pipeline this function.  If this multiplier was inferred, it is suggested to describe an additional register stage after this function.  If there is no registered adder/accumulator following the multiply function, two pipeline stages are suggested to allow both the MREG and PREG registers to be used.  If the DSP48 was instantiated in the design, it is suggested to set both the MREG and PREG attributes to 1 when performing multiply functions.
WARNING: [DRC 23-20] Rule violation (DPOP-2) MREG Output pipelining - DSP i_pid/i_pid21/kp_mult multiplier stage i_pid/i_pid21/kp_mult/P[47:0] is not pipelined (MREG=0). Pipelining the multiplier function will improve performance and will save significant power so it is suggested whenever possible to fully pipeline this function.  If this multiplier was inferred, it is suggested to describe an additional register stage after this function.  If there is no registered adder/accumulator following the multiply function, two pipeline stages are suggested to allow both the MREG and PREG registers to be used.  If the DSP48 was instantiated in the design, it is suggested to set both the MREG and PREG attributes to 1 when performing multiply functions.
WARNING: [DRC 23-20] Rule violation (DPOP-2) MREG Output pipelining - DSP i_pid/i_pid22/kd_mult multiplier stage i_pid/i_pid22/kd_mult/P[47:0] is not pipelined (MREG=0). Pipelining the multiplier function will improve performance and will save significant power so it is suggested whenever possible to fully pipeline this function.  If this multiplier was inferred, it is suggested to describe an additional register stage after this function.  If there is no registered adder/accumulator following the multiply function, two pipeline stages are suggested to allow both the MREG and PREG registers to be used.  If the DSP48 was instantiated in the design, it is suggested to set both the MREG and PREG attributes to 1 when performing multiply functions.
WARNING: [DRC 23-20] Rule violation (DPOP-2) MREG Output pipelining - DSP i_pid/i_pid22/kp_mult multiplier stage i_pid/i_pid22/kp_mult/P[47:0] is not pipelined (MREG=0). Pipelining the multiplier function will improve performance and will save significant power so it is suggested whenever possible to fully pipeline this function.  If this multiplier was inferred, it is suggested to describe an additional register stage after this function.  If there is no registered adder/accumulator following the multiply function, two pipeline stages are suggested to allow both the MREG and PREG registers to be used.  If the DSP48 was instantiated in the design, it is suggested to set both the MREG and PREG attributes to 1 when performing multiply functions.
WARNING: [DRC 23-20] Rule violation (DPOP-2) MREG Output pipelining - DSP i_scope/i_dfilt1_cha/bb_mult multiplier stage i_scope/i_dfilt1_cha/bb_mult/P[47:0] is not pipelined (MREG=0). Pipelining the multiplier function will improve performance and will save significant power so it is suggested whenever possible to fully pipeline this function.  If this multiplier was inferred, it is suggested to describe an additional register stage after this function.  If there is no registered adder/accumulator following the multiply function, two pipeline stages are suggested to allow both the MREG and PREG registers to be used.  If the DSP48 was instantiated in the design, it is suggested to set both the MREG and PREG attributes to 1 when performing multiply functions.
WARNING: [DRC 23-20] Rule violation (DPOP-2) MREG Output pipelining - DSP i_scope/i_dfilt1_cha/kk_mult multiplier stage i_scope/i_dfilt1_cha/kk_mult/P[47:0] is not pipelined (MREG=0). Pipelining the multiplier function will improve performance and will save significant power so it is suggested whenever possible to fully pipeline this function.  If this multiplier was inferred, it is suggested to describe an additional register stage after this function.  If there is no registered adder/accumulator following the multiply function, two pipeline stages are suggested to allow both the MREG and PREG registers to be used.  If the DSP48 was instantiated in the design, it is suggested to set both the MREG and PREG attributes to 1 when performing multiply functions.
WARNING: [DRC 23-20] Rule violation (DPOP-2) MREG Output pipelining - DSP i_scope/i_dfilt1_cha/pp_mult multiplier stage i_scope/i_dfilt1_cha/pp_mult/P[47:0] is not pipelined (MREG=0). Pipelining the multiplier function will improve performance and will save significant power so it is suggested whenever possible to fully pipeline this function.  If this multiplier was inferred, it is suggested to describe an additional register stage after this function.  If there is no registered adder/accumulator following the multiply function, two pipeline stages are suggested to allow both the MREG and PREG registers to be used.  If the DSP48 was instantiated in the design, it is suggested to set both the MREG and PREG attributes to 1 when performing multiply functions.
WARNING: [DRC 23-20] Rule violation (DPOP-2) MREG Output pipelining - DSP i_scope/i_dfilt1_chb/bb_mult multiplier stage i_scope/i_dfilt1_chb/bb_mult/P[47:0] is not pipelined (MREG=0). Pipelining the multiplier function will improve performance and will save significant power so it is suggested whenever possible to fully pipeline this function.  If this multiplier was inferred, it is suggested to describe an additional register stage after this function.  If there is no registered adder/accumulator following the multiply function, two pipeline stages are suggested to allow both the MREG and PREG registers to be used.  If the DSP48 was instantiated in the design, it is suggested to set both the MREG and PREG attributes to 1 when performing multiply functions.
WARNING: [DRC 23-20] Rule violation (DPOP-2) MREG Output pipelining - DSP i_scope/i_dfilt1_chb/kk_mult multiplier stage i_scope/i_dfilt1_chb/kk_mult/P[47:0] is not pipelined (MREG=0). Pipelining the multiplier function will improve performance and will save significant power so it is suggested whenever possible to fully pipeline this function.  If this multiplier was inferred, it is suggested to describe an additional register stage after this function.  If there is no registered adder/accumulator following the multiply function, two pipeline stages are suggested to allow both the MREG and PREG registers to be used.  If the DSP48 was instantiated in the design, it is suggested to set both the MREG and PREG attributes to 1 when performing multiply functions.
WARNING: [DRC 23-20] Rule violation (DPOP-2) MREG Output pipelining - DSP i_scope/i_dfilt1_chb/pp_mult multiplier stage i_scope/i_dfilt1_chb/pp_mult/P[47:0] is not pipelined (MREG=0). Pipelining the multiplier function will improve performance and will save significant power so it is suggested whenever possible to fully pipeline this function.  If this multiplier was inferred, it is suggested to describe an additional register stage after this function.  If there is no registered adder/accumulator following the multiply function, two pipeline stages are suggested to allow both the MREG and PREG registers to be used.  If the DSP48 was instantiated in the design, it is suggested to set both the MREG and PREG attributes to 1 when performing multiply functions.
WARNING: [DRC 23-20] Rule violation (RPBF-3) IO port buffering is incomplete - Device port led_o[0] expects both input and output buffering but the buffers are incomplete.
WARNING: [DRC 23-20] Rule violation (RPBF-3) IO port buffering is incomplete - Device port led_o[1] expects both input and output buffering but the buffers are incomplete.
WARNING: [DRC 23-20] Rule violation (RPBF-3) IO port buffering is incomplete - Device port led_o[2] expects both input and output buffering but the buffers are incomplete.
WARNING: [DRC 23-20] Rule violation (RPBF-3) IO port buffering is incomplete - Device port led_o[3] expects both input and output buffering but the buffers are incomplete.
WARNING: [DRC 23-20] Rule violation (RPBF-3) IO port buffering is incomplete - Device port led_o[4] expects both input and output buffering but the buffers are incomplete.
WARNING: [DRC 23-20] Rule violation (RPBF-3) IO port buffering is incomplete - Device port led_o[5] expects both input and output buffering but the buffers are incomplete.
WARNING: [DRC 23-20] Rule violation (RPBF-3) IO port buffering is incomplete - Device port led_o[6] expects both input and output buffering but the buffers are incomplete.
WARNING: [DRC 23-20] Rule violation (RPBF-3) IO port buffering is incomplete - Device port led_o[7] expects both input and output buffering but the buffers are incomplete.
INFO: [Vivado 12-3199] DRC finished with 0 Errors, 54 Warnings
INFO: [Vivado 12-3200] Please refer to the DRC report (report_drc) for more information.
INFO: [Designutils 20-2272] Running write_bitstream with 2 threads.
Loading data files...
Loading site data...
Loading route data...
Processing options...
Creating bitmap...
Creating bitstream...
Writing bitstream ./red_pitaya_top.bit...
INFO: [Vivado 12-1842] Bitgen Completed Successfully.
INFO: [Project 1-120] WebTalk data collection is mandatory when using a WebPACK part without a full Vivado license. To see the specific WebTalk data collected for your design, open the usage_statistics_webtalk.html or usage_statistics_webtalk.xml file in the implementation directory.
INFO: [Common 17-186] 'D:/Users/MicroSnail/Documents/Cornell/Vengalattore/FPGA_PID/rp_memory_test/rp_memory_test.runs/impl_1/usage_statistics_webtalk.xml' has been successfully sent to Xilinx on Mon Oct 17 00:26:22 2016. For additional details about this file, please refer to the WebTalk help file at C:/Xilinx/Vivado/2016.2/doc/webtalk_introduction.html.
INFO: [Common 17-83] Releasing license: Implementation
write_bitstream: Time (s): cpu = 00:00:24 ; elapsed = 00:00:21 . Memory (MB): peak = 1437.477 ; gain = 322.168
INFO: [Common 17-206] Exiting Vivado at Mon Oct 17 00:26:22 2016...
